2025-06-27 00:58:00 - Failed login attempt - ::1 - Email: zack@gmail.com - Invalid password
2025-06-27 00:58:19 - Failed login attempt - ::1 - Email: zack1@gmail.com - User not found
2025-06-27 00:58:54 - Successful registration - ::1 - Email: zack2@gmail.com
2025-06-27 00:59:02 - Successful login - ::1 - User ID: 3, Email: zack2@gmail.com
2025-06-27 00:59:38 - Successful login - ::1 - User ID: 1, Email: admin@example.com
2025-06-27 14:46:47 - Successful login - ::1 - User ID: 3, Email: zack2@gmail.com
2025-06-27 14:49:39 - Successful login - ::1 - User ID: 3, Email: zack2@gmail.com
2025-06-27 15:02:34 - Successful login - ::1 - User ID: 3, Email: zack2@gmail.com
2025-06-27 15:08:10 - Successful login - ::1 - User ID: 1, Email: admin@example.com
2025-06-27 15:09:56 - Successful login - ::1 - User ID: 3, Email: zack2@gmail.com
2025-06-27 15:19:22 - Successful login - ::1 - User ID: 3, Email: zack2@gmail.com
2025-06-27 15:32:05 - Successful login - ::1 - User ID: 3, Email: zack2@gmail.com
2025-06-27 18:07:21 - Successful login - ::1 - User ID: 3, Email: zack2@gmail.com
2025-06-27 18:11:07 - Successful login - ::1 - User ID: 3, Email: zack2@gmail.com
2025-06-27 18:13:45 - Successful login - ::1 - User ID: 3, Email: zack2@gmail.com
2025-06-27 18:15:20 - Successful login - ::1 - User ID: 3, Email: zack2@gmail.com
2025-06-27 18:17:40 - Successful login - ::1 - User ID: 3, Email: zack2@gmail.com
2025-06-27 18:23:15 - Successful login - ::1 - User ID: 3, Email: zack2@gmail.com
2025-06-27 18:26:32 - Successful login - ::1 - User ID: 3, Email: zack2@gmail.com
2025-06-27 18:31:04 - Successful registration - ::1 - Email: zack23@gmail.com
2025-06-27 18:31:25 - Successful login - ::1 - User ID: 4, Email: zack23@gmail.com
2025-06-27 18:37:54 - Successful login - ::1 - User ID: 4, Email: zack23@gmail.com
2025-06-27 18:38:35 - Successful login - ::1 - User ID: 3, Email: zack2@gmail.com
2025-06-27 18:46:19 - Successful login - ::1 - User ID: 3, Email: zack2@gmail.com
2025-06-27 18:47:26 - Successful login - ::1 - User ID: 3, Email: zack2@gmail.com
2025-06-27 18:48:00 - Successful login - ::1 - User ID: 4, Email: zack23@gmail.com
2025-06-27 19:06:18 - Successful login - ::1 - User ID: 1, Email: admin@example.com
2025-06-29 20:26:05 - Successful registration - ::1 - Email: maajean@gmail.com
2025-06-29 20:26:18 - Successful login - ::1 - User ID: 5, Email: maajean@gmail.com
2025-06-29 21:12:05 - Successful login - ::1 - User ID: 1, Email: admin@example.com
2025-06-29 22:42:23 - Successful login - ::1 - User ID: 5, Email: maajean@gmail.com
2025-06-29 23:11:09 - Failed login attempt - ::1 - Email: maajean@gmail.com - Invalid password
2025-06-29 23:11:24 - Successful login - ::1 - User ID: 5, Email: maajean@gmail.com
2025-06-29 23:53:13 - Successful login - ::1 - User ID: 1, Email: admin@example.com
2025-06-30 00:23:45 - Successful login - ::1 - User ID: 5, Email: maajean@gmail.com
2025-06-30 00:24:22 - Successful login - ::1 - User ID: 5, Email: maajean@gmail.com
2025-06-30 00:34:45 - Failed login attempt - ::1 - Email: maajean@gmail.com - Invalid password
2025-06-30 00:34:54 - Failed login attempt - ::1 - Email: maajean@gmail.com - Invalid password
2025-06-30 00:35:05 - Successful login - ::1 - User ID: 5, Email: maajean@gmail.com
2025-06-30 01:03:11 - Successful login - ::1 - User ID: 5, Email: maajean@gmail.com
2025-06-30 12:47:12 - Successful login - ::1 - User ID: 5, Email: maajean@gmail.com
2025-06-30 18:18:47 - Successful login - ::1 - User ID: 1, Email: admin@example.com
2025-07-02 01:38:57 - Successful login - ::1 - User ID: 1, Email: admin@example.com
2025-07-04 15:01:53 - Successful registration - ::1 - Email: zack24@gmail.com
2025-07-04 15:02:13 - Successful login - ::1 - User ID: 6, Email: zack24@gmail.com
2025-07-04 17:04:00 - Successful login - ::1 - User ID: 1, Email: admin@example.com
2025-07-04 17:15:21 - Successful login - ::1 - User ID: 1, Email: admin@example.com
2025-07-04 19:18:15 - Successful login - ::1 - User ID: 1, Email: admin@example.com
2025-07-04 19:40:11 - Successful login - ::1 - User ID: 1, Email: admin@example.com
2025-07-04 19:51:47 - Successful login - ::1 - User ID: 1, Email: admin@example.com
2025-07-04 19:53:12 - Failed login attempt - ::1 - Email: zack23@gmail.com - Invalid password
2025-07-04 19:54:08 - Failed login attempt - ::1 - Email: zack23@gmail.com - Invalid password
2025-07-04 19:57:10 - Successful login - ::1 - User ID: 1, Email: admin@example.com
2025-07-04 19:58:33 - Successful login - ::1 - User ID: 4, Email: zack23@gmail.com
2025-07-06 21:07:40 - Successful login - ::1 - User ID: 1, Email: admin@example.com
2025-07-06 21:16:46 - Failed login attempt - ::1 - Email: maajean@gmail.com - Invalid password
2025-07-06 21:17:02 - Successful login - ::1 - User ID: 6, Email: zack24@gmail.com
2025-07-06 19:47:16 - Successful registration - ::1 - Email: juliet123@gmail.com
2025-07-06 19:47:23 - Successful login - ::1 - User ID: 7, Email: juliet123@gmail.com
2025-07-06 20:01:02 - Successful login - ::1 - User ID: 1, Email: admin@example.com
2025-07-06 20:59:57 - Failed login attempt - ::1 - Email: admin@example.com - Invalid password
2025-07-06 21:01:56 - Successful registration - ::1 - Email: zack@gmail.com
2025-07-06 21:02:15 - Successful login - ::1 - User ID: 2, Email: zack@gmail.com
2025-07-06 21:24:32 - Failed login attempt - ::1 - Email: admin@example.com - Invalid password
2025-07-06 21:24:40 - Failed login attempt - ::1 - Email: admin@example.com - Invalid password
2025-07-06 21:25:31 - Failed login attempt - ::1 - Email: admin@example.com - Invalid password
2025-07-06 21:26:48 - Failed login attempt - ::1 - Email: admin@example.com - Invalid password
2025-07-06 21:32:56 - Failed login attempt - ::1 - Email: admin@example.com - Invalid password
2025-07-06 21:37:36 - Failed login attempt - ::1 - Email: admin@example.com - Invalid password
2025-07-06 21:41:25 - Failed login attempt - ::1 - Email: admin@example.com - Invalid password
2025-07-06 21:41:31 - Failed login attempt - ::1 - Email: admin@example.com - Invalid password
2025-07-06 21:44:42 - Failed login attempt - ::1 - Email: admin@example.com - Invalid password
2025-07-06 21:46:04 - Failed login attempt - ::1 - Email: admin@example.com - Invalid password
2025-07-06 21:46:09 - Failed login attempt - ::1 - Email: admin@example.com - Invalid password
2025-07-06 21:47:56 - Failed login attempt - ::1 - Email: admin@tracker.com - Invalid password
2025-07-06 21:48:03 - Failed login attempt - ::1 - Email: admin@tracker.com - Invalid password
2025-07-06 21:49:44 - Failed login attempt - ::1 - Email: admin@example.com - Invalid password
2025-07-06 21:56:26 - Failed login attempt - ::1 - Email: admin@example.com - Invalid password
2025-07-06 21:56:33 - Rate limit exceeded - ::1 - Login attempts
2025-07-06 21:57:02 - Failed login attempt - ::1 - Email: admin@example.com - Invalid password
2025-07-06 22:05:00 - Successful login - ::1 - User ID: 5, Email: admin@example.com
2025-07-06 22:05:27 - Successful login - ::1 - User ID: 5, Email: admin@example.com
2025-07-07 00:32:45 - Successful login - ::1 - User ID: 5, Email: admin@example.com
2025-07-07 22:06:11 - Successful login - ::1 - User ID: 5, Email: admin@example.com
2025-07-09 10:48:59 - Successful login - ::1 - User ID: 5, Email: admin@example.com
2025-07-09 10:50:47 - Successful login - ::1 - User ID: 5, Email: admin@example.com
